test1,LOCAL_CHUNKS,1,68b94c96411d22a26a46c1029670d0a3236dee04,localhost,8790
test1,LOCAL_CHUNKS,2,f31c382b3c4ddd24ec9e175dde8534604c269272,localhost,8790
P2PTracker,CHUNK_LOCATION_UNKNOWN,3
test1,WHERE_CHUNK,3
P2PTracker,CHUNK_LOCATION_UNKNOWN,3
test1,WHERE_CHUNK,3
P2PTracker,CHUNK_LOCATION_UNKNOWN,3
test1,WHERE_CHUNK,3
P2PTracker,CHUNK_LOCATION_UNKNOWN,3
test2,LOCAL_CHUNKS,2,f31c382b3c4ddd24ec9e175dde8534604c269272,localhost,8780
test2,LOCAL_CHUNKS,3,a7fb2cbaeb88ba215d6abad413c31164569502af,localhost,8780
test1,WHERE_CHUNK,3
P2PTracker,CHUNK_LOCATION_UNKNOWN,3
P2PTracker,CHUNK_LOCATION_UNKNOWN,1
test1,WHERE_CHUNK,3
P2PTracker,CHUNK_LOCATION_UNKNOWN,3
test2,WHERE_CHUNK,1
P2PTracker,CHUNK_LOCATION_UNKNOWN,1
test1,WHERE_CHUNK,3
P2PTracker,CHUNK_LOCATION_UNKNOWN,3
test2,WHERE_CHUNK,1
P2PTracker,CHUNK_LOCATION_UNKNOWN,1
test1,WHERE_CHUNK,3
P2PTracker,CHUNK_LOCATION_UNKNOWN,3
test2,WHERE_CHUNK,1
P2PTracker,CHUNK_LOCATION_UNKNOWN,1
test3,LOCAL_CHUNKS,1,68b94c96411d22a26a46c1029670d0a3236dee04,localhost,8770
test1,WHERE_CHUNK,3
P2PTracker,CHUNK_LOCATION_UNKNOWN,3
test3,LOCAL_CHUNKS,3,a7fb2cbaeb88ba215d6abad413c31164569502af,localhost,8770
test2,WHERE_CHUNK,1
P2PTracker,GET_CHUNK_FROM,1,68b94c96411d22a26a46c1029670d0a3236dee04,localhost,8770,localhost,8790
P2PTracker,GET_CHUNK_FROM,2,f31c382b3c4ddd24ec9e175dde8534604c269272,localhost,8790,localhost,8780
test1,WHERE_CHUNK,3
P2PTracker,GET_CHUNK_FROM,3,a7fb2cbaeb88ba215d6abad413c31164569502af,localhost,8770,localhost,8780
test2,WHERE_CHUNK,1
test2,REQUEST_CHUNK,1,localhost,8770
test3,WHERE_CHUNK,2
test3,REQUEST_CHUNK,2,localhost,8790
test1,WHERE_CHUNK,3
test1,REQUEST_CHUNK,3,localhost,8770
test2,LOCAL_CHUNKS,1,68b94c96411d22a26a46c1029670d0a3236dee04,localhost,8780
test3,LOCAL_CHUNKS,2,f31c382b3c4ddd24ec9e175dde8534604c269272,localhost,8770
test1,LOCAL_CHUNKS,3,a7fb2cbaeb88ba215d6abad413c31164569502af,localhost,8790
